2021-12-27 09:18:39.485  INFO 1 --- [main] c.c.f.a.c.ConfigServiceApplication       : Starting ConfigServiceApplication v1.9.1 using Java 1.8.0_212 on dbaba54ef5dc with PID 1 (/apollo-configservice/apollo-configservice-1.9.1.jar started by root in /apollo-configservice)
2021-12-27 09:18:39.817  INFO 1 --- [main] c.c.f.a.c.ConfigServiceApplication       : The following profiles are active: github
2021-12-27 09:19:14.041  INFO 1 --- [main] .s.d.r.c.RepositoryConfigurationDelegate : Bootstrapping Spring Data JPA repositories in DEFAULT mode.
2021-12-27 09:19:17.517  INFO 1 --- [main] .s.d.r.c.RepositoryConfigurationDelegate : Finished Spring Data repository scanning in 3311 ms. Found 17 JPA repository interfaces.
2021-12-27 09:19:22.929  INFO 1 --- [main] o.s.cloud.context.scope.GenericScope     : BeanFactory id=7a185023-bc66-39e1-8115-e1442395efac
2021-12-27 09:19:28.820  INFO 1 --- [main] trationDelegate$BeanPostProcessorChecker : Bean 'org.springframework.security.access.expression.method.DefaultMethodSecurityExpressionHandler@48ea2003' of type [org.springframework.security.access.expression.method.DefaultMethodSecurityExpressionHandler] is not eligible for getting processed by all BeanPostProcessors (for example: not eligible for auto-proxying)
2021-12-27 09:19:29.212  INFO 1 --- [main] trationDelegate$BeanPostProcessorChecker : Bean 'methodSecurityMetadataSource' of type [org.springframework.security.access.method.DelegatingMethodSecurityMetadataSource] is not eligible for getting processed by all BeanPostProcessors (for example: not eligible for auto-proxying)
2021-12-27 09:19:33.117  INFO 1 --- [main] o.s.b.w.embedded.tomcat.TomcatWebServer  : Tomcat initialized with port(s): 8080 (http)
2021-12-27 09:19:33.185  INFO 1 --- [main] o.apache.catalina.core.StandardService   : Starting service [Tomcat]
2021-12-27 09:19:33.191  INFO 1 --- [main] org.apache.catalina.core.StandardEngine  : Starting Servlet engine: [Apache Tomcat/9.0.41]
2021-12-27 09:19:33.595  INFO 1 --- [main] o.a.c.c.C.[Tomcat].[localhost].[/]       : Initializing Spring embedded WebApplicationContext
2021-12-27 09:19:33.601  INFO 1 --- [main] w.s.c.ServletWebServerApplicationContext : Root WebApplicationContext: initialization completed in 51524 ms
2021-12-27 09:19:36.228  INFO 1 --- [main] com.zaxxer.hikari.HikariDataSource       : HikariPool-1 - Starting...
2021-12-27 09:19:39.778  INFO 1 --- [main] com.zaxxer.hikari.HikariDataSource       : HikariPool-1 - Start completed.
2021-12-27 09:19:40.657  INFO 1 --- [main] o.hibernate.jpa.internal.util.LogHelper  : HHH000204: Processing PersistenceUnitInfo [name: default]
2021-12-27 09:19:41.605  INFO 1 --- [main] org.hibernate.Version                    : HHH000412: Hibernate ORM core version 5.4.27.Final
2021-12-27 09:19:43.166  INFO 1 --- [main] o.hibernate.annotations.common.Version   : HCANN000001: Hibernate Commons Annotations {5.1.2.Final}
2021-12-27 09:19:43.980  INFO 1 --- [main] org.hibernate.dialect.Dialect            : HHH000400: Using dialect: org.hibernate.dialect.MySQL57Dialect
2021-12-27 09:19:44.696  WARN 1 --- [main] org.hibernate.cfg.AnnotationBinder       : HHH000503: A class should not be annotated with both @Inheritance and @MappedSuperclass. @Inheritance will be ignored for: com.ctrip.framework.apollo.common.entity.BaseEntity.
2021-12-27 09:19:52.592  INFO 1 --- [main] o.h.e.t.j.p.i.JtaPlatformInitiator       : HHH000490: Using JtaPlatform implementation: [org.hibernate.engine.transaction.jta.platform.internal.NoJtaPlatform]
2021-12-27 09:19:52.652  INFO 1 --- [main] j.LocalContainerEntityManagerFactoryBean : Initialized JPA EntityManagerFactory for persistence unit 'default'
2021-12-27 09:19:58.206  INFO 1 --- [main] c.c.f.f.i.p.DefaultApplicationProvider   : App ID is set to 100003171 by app.id property from /META-INF/app.properties
2021-12-27 09:19:58.235  INFO 1 --- [main] c.c.f.f.i.p.DefaultServerProvider        : Environment is set to null. Because it is not available in either (1) JVM system property 'env', (2) OS env variable 'ENV' nor (3) property 'env' from the properties InputStream.
2021-12-27 09:19:58.238  INFO 1 --- [main] c.c.f.a.biz.service.BizDBPropertySource  : Load config from DB : item.value.length.limit = 20000
2021-12-27 09:19:58.243  INFO 1 --- [main] c.c.f.a.biz.service.BizDBPropertySource  : Load config from DB : item.key.length.limit = 128
2021-12-27 09:19:58.256  INFO 1 --- [main] c.c.f.a.biz.service.BizDBPropertySource  : Load config from DB : eureka.service.url = http://192.168.0.152:8081/eureka/
2021-12-27 09:19:58.258  INFO 1 --- [main] c.c.f.a.biz.service.BizDBPropertySource  : Load config from DB : namespace.lock.switch = false
2021-12-27 09:19:58.259  INFO 1 --- [main] c.c.f.a.biz.service.BizDBPropertySource  : Load config from DB : config-service.cache.enabled = false
2021-12-27 09:20:07.621  INFO 1 --- [main] c.s.j.s.i.a.WebApplicationImpl           : Initiating Jersey application, version 'Jersey: 1.19.4 05/24/2017 03:20 PM'
2021-12-27 09:20:08.515  INFO 1 --- [main] c.n.d.provider.DiscoveryJerseyProvider   : Using JSON encoding codec LegacyJacksonJson
2021-12-27 09:20:08.533  INFO 1 --- [main] c.n.d.provider.DiscoveryJerseyProvider   : Using JSON decoding codec LegacyJacksonJson
2021-12-27 09:20:10.176  INFO 1 --- [main] c.n.d.provider.DiscoveryJerseyProvider   : Using XML encoding codec XStreamXml
2021-12-27 09:20:10.189  INFO 1 --- [main] c.n.d.provider.DiscoveryJerseyProvider   : Using XML decoding codec XStreamXml
2021-12-27 09:20:18.836  WARN 1 --- [main] JpaBaseConfiguration$JpaWebConfiguration : spring.jpa.open-in-view is enabled by default. Therefore, database queries may be performed during view rendering. Explicitly configure spring.jpa.open-in-view to disable this warning
2021-12-27 09:20:20.313  INFO 1 --- [main] c.c.f.a.c.s.AppNamespaceServiceWithCache : Loaded 2 new app namespaces with startId 2
2021-12-27 09:20:20.848  INFO 1 --- [main] c.f.a.c.s.ReleaseMessageServiceWithCache : Loaded 1 release messages with startId 1
2021-12-27 09:20:23.096  INFO 1 --- [main] o.s.s.web.DefaultSecurityFilterChain     : Will secure any request with [org.springframework.security.web.context.request.async.WebAsyncManagerIntegrationFilter@20db19ff, org.springframework.security.web.context.SecurityContextPersistenceFilter@a93c798, org.springframework.security.web.header.HeaderWriterFilter@581e8969, org.springframework.security.web.authentication.logout.LogoutFilter@4eb73cc8, org.springframework.security.web.authentication.www.BasicAuthenticationFilter@247dcbba, org.springframework.security.web.savedrequest.RequestCacheAwareFilter@19fc0ef7, org.springframework.security.web.servletapi.SecurityContextHolderAwareRequestFilter@16f8df70, org.springframework.security.web.authentication.AnonymousAuthenticationFilter@5eef8a16, org.springframework.security.web.session.SessionManagementFilter@687fd6e, org.springframework.security.web.access.ExceptionTranslationFilter@59aa1d1c]
2021-12-27 09:20:24.128  INFO 1 --- [main] o.s.s.concurrent.ThreadPoolTaskExecutor  : Initializing ExecutorService 'applicationTaskExecutor'
2021-12-27 09:20:29.236  INFO 1 --- [main] DiscoveryClientOptionalArgsConfiguration : Eureka HTTP Client uses Jersey
2021-12-27 09:20:29.952  WARN 1 --- [main] iguration$LoadBalancerCaffeineWarnLogger : Spring Cloud LoadBalancer is currently working with the default cache. You can switch to using Caffeine cache, by adding it and org.springframework.cache.caffeine.CaffeineCacheManager to the classpath.
2021-12-27 09:20:30.452  INFO 1 --- [main] o.s.c.n.eureka.InstanceInfoFactory       : Setting initial instance status as: STARTING
2021-12-27 09:20:30.802  INFO 1 --- [main] com.netflix.discovery.DiscoveryClient    : Initializing Eureka in region us-east-1
2021-12-27 09:20:30.806  INFO 1 --- [main] com.netflix.discovery.DiscoveryClient    : Client configured to neither register nor query for data.
2021-12-27 09:20:30.842  INFO 1 --- [main] com.netflix.discovery.DiscoveryClient    : Discovery Client initialized at timestamp 1640568030825 with initial instances count: 0
2021-12-27 09:20:31.097  INFO 1 --- [main] c.n.eureka.DefaultEurekaServerContext    : Initializing ...
2021-12-27 09:20:31.149  WARN 1 --- [main] c.n.eureka.cluster.PeerEurekaNodes       : The replica size seems to be empty. Check the route 53 DNS Registry
2021-12-27 09:20:31.610  INFO 1 --- [main] c.n.e.registry.AbstractInstanceRegistry  : Finished initializing remote region registries. All known remote regions: []
2021-12-27 09:20:31.621  INFO 1 --- [main] c.n.eureka.DefaultEurekaServerContext    : Initialized
2021-12-27 09:20:31.692  INFO 1 --- [main] o.s.b.a.e.web.EndpointLinksResolver      : Exposing 4 endpoint(s) beneath base path ''
2021-12-27 09:20:32.158  INFO 1 --- [main] o.s.c.n.e.s.EurekaServiceRegistry        : Registering application APOLLO-CONFIGSERVICE with eureka with status UP
2021-12-27 09:20:32.252  INFO 1 --- [Thread-13] o.s.c.n.e.server.EurekaServerBootstrap   : Setting the eureka configuration..
2021-12-27 09:20:32.411  INFO 1 --- [Thread-13] o.s.c.n.e.server.EurekaServerBootstrap   : isAws returned false
2021-12-27 09:20:32.418  INFO 1 --- [Thread-13] o.s.c.n.e.server.EurekaServerBootstrap   : Initialized server context
2021-12-27 09:20:32.422  INFO 1 --- [Thread-13] c.n.e.r.PeerAwareInstanceRegistryImpl    : Got 1 instances from neighboring DS node
2021-12-27 09:20:32.430  INFO 1 --- [Thread-13] c.n.e.r.PeerAwareInstanceRegistryImpl    : Renew threshold is: 1
2021-12-27 09:20:32.433  INFO 1 --- [Thread-13] c.n.e.r.PeerAwareInstanceRegistryImpl    : Changing status to UP
2021-12-27 09:20:32.514  INFO 1 --- [main] o.s.b.w.embedded.tomcat.TomcatWebServer  : Tomcat started on port(s): 8080 (http) with context path ''
2021-12-27 09:20:32.532  INFO 1 --- [main] .s.c.n.e.s.EurekaAutoServiceRegistration : Updating port to 8080
2021-12-27 09:20:32.543  INFO 1 --- [Thread-13] e.s.EurekaServerInitializerConfiguration : Started Eureka Server
2021-12-27 09:20:32.752  INFO 1 --- [main] c.c.f.a.c.ConfigServiceApplication       : Started ConfigServiceApplication in 123.816 seconds (JVM running for 140.256)
2021-12-27 09:20:32.857  INFO 1 --- [main] com.netflix.discovery.DiscoveryClient    : Shutting down DiscoveryClient ...
2021-12-27 09:20:32.878  INFO 1 --- [main] com.netflix.discovery.DiscoveryClient    : Completed shut down of DiscoveryClient
2021-12-27 09:20:32.934  INFO 1 --- [main] com.netflix.discovery.DiscoveryClient    : Initializing Eureka in region us-east-1
2021-12-27 09:20:33.246  INFO 1 --- [http-nio-8080-exec-1] o.a.c.c.C.[Tomcat].[localhost].[/]       : Initializing Spring DispatcherServlet 'dispatcherServlet'
2021-12-27 09:20:33.247  INFO 1 --- [http-nio-8080-exec-1] o.s.web.servlet.DispatcherServlet        : Initializing Servlet 'dispatcherServlet'
2021-12-27 09:20:33.250  INFO 1 --- [http-nio-8080-exec-1] o.s.web.servlet.DispatcherServlet        : Completed initialization in 2 ms
2021-12-27 09:20:33.578  INFO 1 --- [main] c.n.d.provider.DiscoveryJerseyProvider   : Using JSON encoding codec LegacyJacksonJson
2021-12-27 09:20:33.589  INFO 1 --- [main] c.n.d.provider.DiscoveryJerseyProvider   : Using JSON decoding codec LegacyJacksonJson
2021-12-27 09:20:33.590  INFO 1 --- [main] c.n.d.provider.DiscoveryJerseyProvider   : Using XML encoding codec XStreamXml
2021-12-27 09:20:33.591  INFO 1 --- [main] c.n.d.provider.DiscoveryJerseyProvider   : Using XML decoding codec XStreamXml
2021-12-27 09:20:34.661  INFO 1 --- [main] c.n.d.s.r.aws.ConfigClusterResolver      : Resolving eureka endpoints via configuration
2021-12-27 09:20:34.809  INFO 1 --- [main] com.netflix.discovery.DiscoveryClient    : Disable delta property : false
2021-12-27 09:20:34.811  INFO 1 --- [main] com.netflix.discovery.DiscoveryClient    : Single vip registry refresh property : null
2021-12-27 09:20:34.814  INFO 1 --- [main] com.netflix.discovery.DiscoveryClient    : Force full registry fetch : false
2021-12-27 09:20:34.816  INFO 1 --- [main] com.netflix.discovery.DiscoveryClient    : Application is null : false
2021-12-27 09:20:34.820  INFO 1 --- [main] com.netflix.discovery.DiscoveryClient    : Registered Applications size is zero : true
2021-12-27 09:20:34.839  INFO 1 --- [main] com.netflix.discovery.DiscoveryClient    : Application version is -1: true
2021-12-27 09:20:34.841  INFO 1 --- [main] com.netflix.discovery.DiscoveryClient    : Getting all instance registry info from the eureka server
2021-12-27 09:20:35.014  INFO 1 --- [http-nio-8080-exec-1] c.n.e.registry.AbstractInstanceRegistry  : Registered instance APOLLO-ADMINSERVICE/2519efaa0f2d:apollo-adminservice:8090 with status UP (replication=false)
2021-12-27 09:20:36.059  INFO 1 --- [main] com.netflix.discovery.DiscoveryClient    : The response status is 200
2021-12-27 09:20:36.063  INFO 1 --- [main] com.netflix.discovery.DiscoveryClient    : Starting heartbeat executor: renew interval is: 30
2021-12-27 09:20:36.075  INFO 1 --- [main] c.n.discovery.InstanceInfoReplicator     : InstanceInfoReplicator onDemand update allowed rate per min is 4
2021-12-27 09:20:36.101  INFO 1 --- [main] com.netflix.discovery.DiscoveryClient    : Discovery Client initialized at timestamp 1640568036101 with initial instances count: 1
2021-12-27 09:20:36.103  INFO 1 --- [main] o.s.c.n.e.s.EurekaServiceRegistry        : Unregistering application APOLLO-CONFIGSERVICE with eureka with status DOWN
2021-12-27 09:20:36.110  INFO 1 --- [main] o.s.c.n.e.s.EurekaServiceRegistry        : Registering application APOLLO-CONFIGSERVICE with eureka with status UP
2021-12-27 09:20:36.115  INFO 1 --- [main] com.netflix.discovery.DiscoveryClient    : Saw local status change event StatusChangeEvent [timestamp=1640568036115, current=UP, previous=DOWN]
2021-12-27 09:20:36.286  INFO 1 --- [DiscoveryClient-InstanceInfoReplicator-0] com.netflix.discovery.DiscoveryClient    : DiscoveryClient_APOLLO-CONFIGSERVICE/dbaba54ef5dc:apollo-configservice:8080: registering service...
2021-12-27 09:20:36.430  INFO 1 --- [http-nio-8080-exec-3] c.n.e.registry.AbstractInstanceRegistry  : Registered instance APOLLO-CONFIGSERVICE/dbaba54ef5dc:apollo-configservice:8080 with status UP (replication=false)
2021-12-27 09:20:36.449  INFO 1 --- [DiscoveryClient-InstanceInfoReplicator-0] com.netflix.discovery.DiscoveryClient    : DiscoveryClient_APOLLO-CONFIGSERVICE/dbaba54ef5dc:apollo-configservice:8080 - registration status: 204
2021-12-27 09:21:31.108  WARN 1 --- [Eureka-PeerNodesUpdater] c.n.eureka.cluster.PeerEurekaNodes       : The replica size seems to be empty. Check the route 53 DNS Registry
2021-12-27 09:21:32.465  INFO 1 --- [Eureka-EvictionTimer] c.n.e.registry.AbstractInstanceRegistry  : Running the evict task with compensationTime 0ms
2021-12-27 09:21:34.800  INFO 1 --- [AsyncResolver-bootstrap-executor-0] c.n.d.s.r.aws.ConfigClusterResolver      : Resolving eureka endpoints via configuration
2021-12-27 09:22:31.067  WARN 1 --- [Eureka-PeerNodesUpdater] c.n.eureka.cluster.PeerEurekaNodes       : The replica size seems to be empty. Check the route 53 DNS Registry
2021-12-27 09:22:32.465  INFO 1 --- [Eureka-EvictionTimer] c.n.e.registry.AbstractInstanceRegistry  : Running the evict task with compensationTime 46ms
2021-12-27 09:22:34.759  INFO 1 --- [AsyncResolver-bootstrap-executor-0] c.n.d.s.r.aws.ConfigClusterResolver      : Resolving eureka endpoints via configuration
2021-12-27 09:23:31.026  WARN 1 --- [Eureka-PeerNodesUpdater] c.n.eureka.cluster.PeerEurekaNodes       : The replica size seems to be empty. Check the route 53 DNS Registry
2021-12-27 09:23:32.465  INFO 1 --- [Eureka-EvictionTimer] c.n.e.registry.AbstractInstanceRegistry  : Running the evict task with compensationTime 46ms
2021-12-27 09:23:34.716  INFO 1 --- [AsyncResolver-bootstrap-executor-0] c.n.d.s.r.aws.ConfigClusterResolver      : Resolving eureka endpoints via configuration
2021-12-27 09:24:30.982  WARN 1 --- [Eureka-PeerNodesUpdater] c.n.eureka.cluster.PeerEurekaNodes       : The replica size seems to be empty. Check the route 53 DNS Registry
2021-12-27 09:24:32.466  INFO 1 --- [Eureka-EvictionTimer] c.n.e.registry.AbstractInstanceRegistry  : Running the evict task with compensationTime 46ms
2021-12-27 09:24:34.673  INFO 1 --- [AsyncResolver-bootstrap-executor-0] c.n.d.s.r.aws.ConfigClusterResolver      : Resolving eureka endpoints via configuration
2021-12-27 09:25:30.947  WARN 1 --- [Eureka-PeerNodesUpdater] c.n.eureka.cluster.PeerEurekaNodes       : The replica size seems to be empty. Check the route 53 DNS Registry
2021-12-27 09:25:32.466  INFO 1 --- [Eureka-EvictionTimer] c.n.e.registry.AbstractInstanceRegistry  : Running the evict task with compensationTime 46ms
2021-12-27 09:25:34.639  INFO 1 --- [AsyncResolver-bootstrap-executor-0] c.n.d.s.r.aws.ConfigClusterResolver      : Resolving eureka endpoints via configuration
2021-12-27 09:26:30.907  WARN 1 --- [Eureka-PeerNodesUpdater] c.n.eureka.cluster.PeerEurekaNodes       : The replica size seems to be empty. Check the route 53 DNS Registry
2021-12-27 09:26:32.466  INFO 1 --- [Eureka-EvictionTimer] c.n.e.registry.AbstractInstanceRegistry  : Running the evict task with compensationTime 46ms
2021-12-27 09:26:34.598  INFO 1 --- [AsyncResolver-bootstrap-executor-0] c.n.d.s.r.aws.ConfigClusterResolver      : Resolving eureka endpoints via configuration
2021-12-27 09:27:30.864  WARN 1 --- [Eureka-PeerNodesUpdater] c.n.eureka.cluster.PeerEurekaNodes       : The replica size seems to be empty. Check the route 53 DNS Registry
2021-12-27 09:27:32.467  INFO 1 --- [Eureka-EvictionTimer] c.n.e.registry.AbstractInstanceRegistry  : Running the evict task with compensationTime 47ms
2021-12-27 09:27:34.555  INFO 1 --- [AsyncResolver-bootstrap-executor-0] c.n.d.s.r.aws.ConfigClusterResolver      : Resolving eureka endpoints via configuration
2021-12-27 09:28:30.822  WARN 1 --- [Eureka-PeerNodesUpdater] c.n.eureka.cluster.PeerEurekaNodes       : The replica size seems to be empty. Check the route 53 DNS Registry
2021-12-27 09:28:32.467  INFO 1 --- [Eureka-EvictionTimer] c.n.e.registry.AbstractInstanceRegistry  : Running the evict task with compensationTime 46ms
2021-12-27 09:28:34.513  INFO 1 --- [AsyncResolver-bootstrap-executor-0] c.n.d.s.r.aws.ConfigClusterResolver      : Resolving eureka endpoints via configuration
2021-12-27 09:29:30.779  WARN 1 --- [Eureka-PeerNodesUpdater] c.n.eureka.cluster.PeerEurekaNodes       : The replica size seems to be empty. Check the route 53 DNS Registry
2021-12-27 09:29:32.467  INFO 1 --- [Eureka-EvictionTimer] c.n.e.registry.AbstractInstanceRegistry  : Running the evict task with compensationTime 46ms
2021-12-27 09:29:34.474  INFO 1 --- [AsyncResolver-bootstrap-executor-0] c.n.d.s.r.aws.ConfigClusterResolver      : Resolving eureka endpoints via configuration
2021-12-27 09:30:30.737  WARN 1 --- [Eureka-PeerNodesUpdater] c.n.eureka.cluster.PeerEurekaNodes       : The replica size seems to be empty. Check the route 53 DNS Registry
2021-12-27 09:30:32.467  INFO 1 --- [Eureka-EvictionTimer] c.n.e.registry.AbstractInstanceRegistry  : Running the evict task with compensationTime 45ms
2021-12-27 09:30:34.430  INFO 1 --- [AsyncResolver-bootstrap-executor-0] c.n.d.s.r.aws.ConfigClusterResolver      : Resolving eureka endpoints via configuration
2021-12-27 09:31:30.694  WARN 1 --- [Eureka-PeerNodesUpdater] c.n.eureka.cluster.PeerEurekaNodes       : The replica size seems to be empty. Check the route 53 DNS Registry
2021-12-27 09:31:32.468  INFO 1 --- [Eureka-EvictionTimer] c.n.e.registry.AbstractInstanceRegistry  : Running the evict task with compensationTime 46ms
2021-12-27 09:31:34.386  INFO 1 --- [AsyncResolver-bootstrap-executor-0] c.n.d.s.r.aws.ConfigClusterResolver      : Resolving eureka endpoints via configuration
2021-12-27 09:32:30.654  WARN 1 --- [Eureka-PeerNodesUpdater] c.n.eureka.cluster.PeerEurekaNodes       : The replica size seems to be empty. Check the route 53 DNS Registry
2021-12-27 09:32:32.469  INFO 1 --- [Eureka-EvictionTimer] c.n.e.registry.AbstractInstanceRegistry  : Running the evict task with compensationTime 47ms
2021-12-27 09:32:34.342  INFO 1 --- [AsyncResolver-bootstrap-executor-0] c.n.d.s.r.aws.ConfigClusterResolver      : Resolving eureka endpoints via configuration
2021-12-27 09:33:30.678  WARN 1 --- [Eureka-PeerNodesUpdater] c.n.eureka.cluster.PeerEurekaNodes       : The replica size seems to be empty. Check the route 53 DNS Registry
2021-12-27 09:33:32.489  INFO 1 --- [Eureka-EvictionTimer] c.n.e.registry.AbstractInstanceRegistry  : Running the evict task with compensationTime 0ms
2021-12-27 09:33:34.365  INFO 1 --- [AsyncResolver-bootstrap-executor-0] c.n.d.s.r.aws.ConfigClusterResolver      : Resolving eureka endpoints via configuration
2021-12-27 09:34:30.633  WARN 1 --- [Eureka-PeerNodesUpdater] c.n.eureka.cluster.PeerEurekaNodes       : The replica size seems to be empty. Check the route 53 DNS Registry
2021-12-27 09:34:32.490  INFO 1 --- [Eureka-EvictionTimer] c.n.e.registry.AbstractInstanceRegistry  : Running the evict task with compensationTime 54ms
2021-12-27 09:34:34.317  INFO 1 --- [AsyncResolver-bootstrap-executor-0] c.n.d.s.r.aws.ConfigClusterResolver      : Resolving eureka endpoints via configuration
2021-12-27 09:35:30.600  WARN 1 --- [Eureka-PeerNodesUpdater] c.n.eureka.cluster.PeerEurekaNodes       : The replica size seems to be empty. Check the route 53 DNS Registry
2021-12-27 09:35:31.611  INFO 1 --- [ReplicaAwareInstanceRegistry - RenewalThresholdUpdater] c.n.e.r.PeerAwareInstanceRegistryImpl    : Current renewal threshold is : 3
2021-12-27 09:35:32.491  INFO 1 --- [Eureka-EvictionTimer] c.n.e.registry.AbstractInstanceRegistry  : Running the evict task with compensationTime 38ms
2021-12-27 09:35:34.288  INFO 1 --- [AsyncResolver-bootstrap-executor-0] c.n.d.s.r.aws.ConfigClusterResolver      : Resolving eureka endpoints via configuration
2021-12-27 09:36:30.562  WARN 1 --- [Eureka-PeerNodesUpdater] c.n.eureka.cluster.PeerEurekaNodes       : The replica size seems to be empty. Check the route 53 DNS Registry
2021-12-27 09:36:32.490  INFO 1 --- [Eureka-EvictionTimer] c.n.e.registry.AbstractInstanceRegistry  : Running the evict task with compensationTime 46ms
2021-12-27 09:36:34.249  INFO 1 --- [AsyncResolver-bootstrap-executor-0] c.n.d.s.r.aws.ConfigClusterResolver      : Resolving eureka endpoints via configuration
2021-12-27 09:37:30.519  WARN 1 --- [Eureka-PeerNodesUpdater] c.n.eureka.cluster.PeerEurekaNodes       : The replica size seems to be empty. Check the route 53 DNS Registry
2021-12-27 09:37:32.490  INFO 1 --- [Eureka-EvictionTimer] c.n.e.registry.AbstractInstanceRegistry  : Running the evict task with compensationTime 45ms
2021-12-27 09:37:34.207  INFO 1 --- [AsyncResolver-bootstrap-executor-0] c.n.d.s.r.aws.ConfigClusterResolver      : Resolving eureka endpoints via configuration
2021-12-27 09:38:30.476  WARN 1 --- [Eureka-PeerNodesUpdater] c.n.eureka.cluster.PeerEurekaNodes       : The replica size seems to be empty. Check the route 53 DNS Registry
2021-12-27 09:38:32.490  INFO 1 --- [Eureka-EvictionTimer] c.n.e.registry.AbstractInstanceRegistry  : Running the evict task with compensationTime 46ms
2021-12-27 09:38:34.163  INFO 1 --- [AsyncResolver-bootstrap-executor-0] c.n.d.s.r.aws.ConfigClusterResolver      : Resolving eureka endpoints via configuration
2021-12-27 09:39:30.434  WARN 1 --- [Eureka-PeerNodesUpdater] c.n.eureka.cluster.PeerEurekaNodes       : The replica size seems to be empty. Check the route 53 DNS Registry
2021-12-27 09:39:32.491  INFO 1 --- [Eureka-EvictionTimer] c.n.e.registry.AbstractInstanceRegistry  : Running the evict task with compensationTime 46ms
2021-12-27 09:39:34.119  INFO 1 --- [AsyncResolver-bootstrap-executor-0] c.n.d.s.r.aws.ConfigClusterResolver      : Resolving eureka endpoints via configuration
2021-12-27 09:40:30.393  WARN 1 --- [Eureka-PeerNodesUpdater] c.n.eureka.cluster.PeerEurekaNodes       : The replica size seems to be empty. Check the route 53 DNS Registry
2021-12-27 09:40:32.491  INFO 1 --- [Eureka-EvictionTimer] c.n.e.registry.AbstractInstanceRegistry  : Running the evict task with compensationTime 46ms
2021-12-27 09:40:34.076  INFO 1 --- [AsyncResolver-bootstrap-executor-0] c.n.d.s.r.aws.ConfigClusterResolver      : Resolving eureka endpoints via configuration
2021-12-27 09:41:30.414  WARN 1 --- [Eureka-PeerNodesUpdater] c.n.eureka.cluster.PeerEurekaNodes       : The replica size seems to be empty. Check the route 53 DNS Registry
2021-12-27 09:41:32.507  INFO 1 --- [Eureka-EvictionTimer] c.n.e.registry.AbstractInstanceRegistry  : Running the evict task with compensationTime 0ms
2021-12-27 09:41:34.093  INFO 1 --- [AsyncResolver-bootstrap-executor-0] c.n.d.s.r.aws.ConfigClusterResolver      : Resolving eureka endpoints via configuration
2021-12-27 09:42:30.373  WARN 1 --- [Eureka-PeerNodesUpdater] c.n.eureka.cluster.PeerEurekaNodes       : The replica size seems to be empty. Check the route 53 DNS Registry
2021-12-27 09:42:32.507  INFO 1 --- [Eureka-EvictionTimer] c.n.e.registry.AbstractInstanceRegistry  : Running the evict task with compensationTime 45ms
2021-12-27 09:42:34.050  INFO 1 --- [AsyncResolver-bootstrap-executor-0] c.n.d.s.r.aws.ConfigClusterResolver      : Resolving eureka endpoints via configuration
2021-12-27 09:43:30.332  WARN 1 --- [Eureka-PeerNodesUpdater] c.n.eureka.cluster.PeerEurekaNodes       : The replica size seems to be empty. Check the route 53 DNS Registry
2021-12-27 09:43:32.508  INFO 1 --- [Eureka-EvictionTimer] c.n.e.registry.AbstractInstanceRegistry  : Running the evict task with compensationTime 45ms
2021-12-27 09:43:34.013  INFO 1 --- [AsyncResolver-bootstrap-executor-0] c.n.d.s.r.aws.ConfigClusterResolver      : Resolving eureka endpoints via configuration
2021-12-27 09:44:30.302  WARN 1 --- [Eureka-PeerNodesUpdater] c.n.eureka.cluster.PeerEurekaNodes       : The replica size seems to be empty. Check the route 53 DNS Registry
2021-12-27 09:44:32.509  INFO 1 --- [Eureka-EvictionTimer] c.n.e.registry.AbstractInstanceRegistry  : Running the evict task with compensationTime 34ms
2021-12-27 09:44:33.984  INFO 1 --- [AsyncResolver-bootstrap-executor-0] c.n.d.s.r.aws.ConfigClusterResolver      : Resolving eureka endpoints via configuration
2021-12-27 09:45:30.262  WARN 1 --- [Eureka-PeerNodesUpdater] c.n.eureka.cluster.PeerEurekaNodes       : The replica size seems to be empty. Check the route 53 DNS Registry
2021-12-27 09:45:32.510  INFO 1 --- [Eureka-EvictionTimer] c.n.e.registry.AbstractInstanceRegistry  : Running the evict task with compensationTime 45ms
2021-12-27 09:45:33.942  INFO 1 --- [AsyncResolver-bootstrap-executor-0] c.n.d.s.r.aws.ConfigClusterResolver      : Resolving eureka endpoints via configuration
2021-12-27 09:46:30.221  WARN 1 --- [Eureka-PeerNodesUpdater] c.n.eureka.cluster.PeerEurekaNodes       : The replica size seems to be empty. Check the route 53 DNS Registry
2021-12-27 09:46:32.509  INFO 1 --- [Eureka-EvictionTimer] c.n.e.registry.AbstractInstanceRegistry  : Running the evict task with compensationTime 44ms
2021-12-27 09:46:33.901  INFO 1 --- [AsyncResolver-bootstrap-executor-0] c.n.d.s.r.aws.ConfigClusterResolver      : Resolving eureka endpoints via configuration
