2021-12-27 09:18:39.750  INFO 1 --- [main] c.c.f.a.c.ConfigServiceApplication       : Starting ConfigServiceApplication v1.9.1 using Java 1.8.0_212 on f0a3a1fcd528 with PID 1 (/apollo-configservice/apollo-configservice-1.9.1.jar started by root in /apollo-configservice)
2021-12-27 09:18:40.186  INFO 1 --- [main] c.c.f.a.c.ConfigServiceApplication       : The following profiles are active: github
2021-12-27 09:19:14.286  INFO 1 --- [main] .s.d.r.c.RepositoryConfigurationDelegate : Bootstrapping Spring Data JPA repositories in DEFAULT mode.
2021-12-27 09:19:18.284  INFO 1 --- [main] .s.d.r.c.RepositoryConfigurationDelegate : Finished Spring Data repository scanning in 3853 ms. Found 17 JPA repository interfaces.
2021-12-27 09:19:23.517  INFO 1 --- [main] o.s.cloud.context.scope.GenericScope     : BeanFactory id=7a185023-bc66-39e1-8115-e1442395efac
2021-12-27 09:19:29.255  INFO 1 --- [main] trationDelegate$BeanPostProcessorChecker : Bean 'org.springframework.security.access.expression.method.DefaultMethodSecurityExpressionHandler@2d0bfb24' of type [org.springframework.security.access.expression.method.DefaultMethodSecurityExpressionHandler] is not eligible for getting processed by all BeanPostProcessors (for example: not eligible for auto-proxying)
2021-12-27 09:19:29.362  INFO 1 --- [main] trationDelegate$BeanPostProcessorChecker : Bean 'methodSecurityMetadataSource' of type [org.springframework.security.access.method.DelegatingMethodSecurityMetadataSource] is not eligible for getting processed by all BeanPostProcessors (for example: not eligible for auto-proxying)
2021-12-27 09:19:33.721  INFO 1 --- [main] o.s.b.w.embedded.tomcat.TomcatWebServer  : Tomcat initialized with port(s): 8080 (http)
2021-12-27 09:19:33.846  INFO 1 --- [main] o.apache.catalina.core.StandardService   : Starting service [Tomcat]
2021-12-27 09:19:33.870  INFO 1 --- [main] org.apache.catalina.core.StandardEngine  : Starting Servlet engine: [Apache Tomcat/9.0.41]
2021-12-27 09:19:34.556  INFO 1 --- [main] o.a.c.c.C.[Tomcat].[localhost].[/]       : Initializing Spring embedded WebApplicationContext
2021-12-27 09:19:34.566  INFO 1 --- [main] w.s.c.ServletWebServerApplicationContext : Root WebApplicationContext: initialization completed in 51880 ms
2021-12-27 09:19:37.138  INFO 1 --- [main] com.zaxxer.hikari.HikariDataSource       : HikariPool-1 - Starting...
2021-12-27 09:19:40.779  INFO 1 --- [main] com.zaxxer.hikari.HikariDataSource       : HikariPool-1 - Start completed.
2021-12-27 09:19:41.654  INFO 1 --- [main] o.hibernate.jpa.internal.util.LogHelper  : HHH000204: Processing PersistenceUnitInfo [name: default]
2021-12-27 09:19:42.617  INFO 1 --- [main] org.hibernate.Version                    : HHH000412: Hibernate ORM core version 5.4.27.Final
2021-12-27 09:19:44.556  INFO 1 --- [main] o.hibernate.annotations.common.Version   : HCANN000001: Hibernate Commons Annotations {5.1.2.Final}
2021-12-27 09:19:45.607  INFO 1 --- [main] org.hibernate.dialect.Dialect            : HHH000400: Using dialect: org.hibernate.dialect.MySQL57Dialect
2021-12-27 09:19:46.228  WARN 1 --- [main] org.hibernate.cfg.AnnotationBinder       : HHH000503: A class should not be annotated with both @Inheritance and @MappedSuperclass. @Inheritance will be ignored for: com.ctrip.framework.apollo.common.entity.BaseEntity.
2021-12-27 09:19:53.607  INFO 1 --- [main] o.h.e.t.j.p.i.JtaPlatformInitiator       : HHH000490: Using JtaPlatform implementation: [org.hibernate.engine.transaction.jta.platform.internal.NoJtaPlatform]
2021-12-27 09:19:53.707  INFO 1 --- [main] j.LocalContainerEntityManagerFactoryBean : Initialized JPA EntityManagerFactory for persistence unit 'default'
2021-12-27 09:19:59.549  INFO 1 --- [main] c.c.f.f.i.p.DefaultApplicationProvider   : App ID is set to 100003171 by app.id property from /META-INF/app.properties
2021-12-27 09:19:59.573  INFO 1 --- [main] c.c.f.f.i.p.DefaultServerProvider        : Environment is set to null. Because it is not available in either (1) JVM system property 'env', (2) OS env variable 'ENV' nor (3) property 'env' from the properties InputStream.
2021-12-27 09:19:59.580  INFO 1 --- [main] c.c.f.a.biz.service.BizDBPropertySource  : Load config from DB : item.value.length.limit = 20000
2021-12-27 09:19:59.582  INFO 1 --- [main] c.c.f.a.biz.service.BizDBPropertySource  : Load config from DB : item.key.length.limit = 128
2021-12-27 09:19:59.586  INFO 1 --- [main] c.c.f.a.biz.service.BizDBPropertySource  : Load config from DB : eureka.service.url = http://192.168.0.152:8083/eureka/
2021-12-27 09:19:59.590  INFO 1 --- [main] c.c.f.a.biz.service.BizDBPropertySource  : Load config from DB : namespace.lock.switch = false
2021-12-27 09:19:59.594  INFO 1 --- [main] c.c.f.a.biz.service.BizDBPropertySource  : Load config from DB : config-service.cache.enabled = false
2021-12-27 09:20:07.520  INFO 1 --- [main] c.s.j.s.i.a.WebApplicationImpl           : Initiating Jersey application, version 'Jersey: 1.19.4 05/24/2017 03:20 PM'
2021-12-27 09:20:08.340  INFO 1 --- [main] c.n.d.provider.DiscoveryJerseyProvider   : Using JSON encoding codec LegacyJacksonJson
2021-12-27 09:20:08.346  INFO 1 --- [main] c.n.d.provider.DiscoveryJerseyProvider   : Using JSON decoding codec LegacyJacksonJson
2021-12-27 09:20:09.800  INFO 1 --- [main] c.n.d.provider.DiscoveryJerseyProvider   : Using XML encoding codec XStreamXml
2021-12-27 09:20:09.801  INFO 1 --- [main] c.n.d.provider.DiscoveryJerseyProvider   : Using XML decoding codec XStreamXml
2021-12-27 09:20:18.471  WARN 1 --- [main] JpaBaseConfiguration$JpaWebConfiguration : spring.jpa.open-in-view is enabled by default. Therefore, database queries may be performed during view rendering. Explicitly configure spring.jpa.open-in-view to disable this warning
2021-12-27 09:20:20.148  INFO 1 --- [main] c.c.f.a.c.s.AppNamespaceServiceWithCache : Loaded 2 new app namespaces with startId 2
2021-12-27 09:20:20.667  INFO 1 --- [main] c.f.a.c.s.ReleaseMessageServiceWithCache : Loaded 1 release messages with startId 1
2021-12-27 09:20:22.835  INFO 1 --- [main] o.s.s.web.DefaultSecurityFilterChain     : Will secure any request with [org.springframework.security.web.context.request.async.WebAsyncManagerIntegrationFilter@323eecf8, org.springframework.security.web.context.SecurityContextPersistenceFilter@53fc870f, org.springframework.security.web.header.HeaderWriterFilter@7845ee8a, org.springframework.security.web.authentication.logout.LogoutFilter@1344f7fe, org.springframework.security.web.authentication.www.BasicAuthenticationFilter@4b916cc2, org.springframework.security.web.savedrequest.RequestCacheAwareFilter@43cbafa6, org.springframework.security.web.servletapi.SecurityContextHolderAwareRequestFilter@5cf3a7f9, org.springframework.security.web.authentication.AnonymousAuthenticationFilter@2e02cc37, org.springframework.security.web.session.SessionManagementFilter@5c60f096, org.springframework.security.web.access.ExceptionTranslationFilter@1e6bd367]
2021-12-27 09:20:23.819  INFO 1 --- [main] o.s.s.concurrent.ThreadPoolTaskExecutor  : Initializing ExecutorService 'applicationTaskExecutor'
2021-12-27 09:20:29.133  INFO 1 --- [main] DiscoveryClientOptionalArgsConfiguration : Eureka HTTP Client uses Jersey
2021-12-27 09:20:29.853  WARN 1 --- [main] iguration$LoadBalancerCaffeineWarnLogger : Spring Cloud LoadBalancer is currently working with the default cache. You can switch to using Caffeine cache, by adding it and org.springframework.cache.caffeine.CaffeineCacheManager to the classpath.
2021-12-27 09:20:30.186  INFO 1 --- [main] o.s.c.n.eureka.InstanceInfoFactory       : Setting initial instance status as: STARTING
2021-12-27 09:20:30.657  INFO 1 --- [main] com.netflix.discovery.DiscoveryClient    : Initializing Eureka in region us-east-1
2021-12-27 09:20:30.670  INFO 1 --- [main] com.netflix.discovery.DiscoveryClient    : Client configured to neither register nor query for data.
2021-12-27 09:20:30.706  INFO 1 --- [main] com.netflix.discovery.DiscoveryClient    : Discovery Client initialized at timestamp 1640568030690 with initial instances count: 0
2021-12-27 09:20:30.980  INFO 1 --- [main] c.n.eureka.DefaultEurekaServerContext    : Initializing ...
2021-12-27 09:20:31.017  WARN 1 --- [main] c.n.eureka.cluster.PeerEurekaNodes       : The replica size seems to be empty. Check the route 53 DNS Registry
2021-12-27 09:20:31.506  INFO 1 --- [main] c.n.e.registry.AbstractInstanceRegistry  : Finished initializing remote region registries. All known remote regions: []
2021-12-27 09:20:31.522  INFO 1 --- [main] c.n.eureka.DefaultEurekaServerContext    : Initialized
2021-12-27 09:20:31.624  INFO 1 --- [main] o.s.b.a.e.web.EndpointLinksResolver      : Exposing 4 endpoint(s) beneath base path ''
2021-12-27 09:20:32.105  INFO 1 --- [main] o.s.c.n.e.s.EurekaServiceRegistry        : Registering application APOLLO-CONFIGSERVICE with eureka with status UP
2021-12-27 09:20:32.147  INFO 1 --- [Thread-13] o.s.c.n.e.server.EurekaServerBootstrap   : Setting the eureka configuration..
2021-12-27 09:20:32.397  INFO 1 --- [Thread-13] o.s.c.n.e.server.EurekaServerBootstrap   : isAws returned false
2021-12-27 09:20:32.418  INFO 1 --- [Thread-13] o.s.c.n.e.server.EurekaServerBootstrap   : Initialized server context
2021-12-27 09:20:32.428  INFO 1 --- [Thread-13] c.n.e.r.PeerAwareInstanceRegistryImpl    : Got 1 instances from neighboring DS node
2021-12-27 09:20:32.436  INFO 1 --- [Thread-13] c.n.e.r.PeerAwareInstanceRegistryImpl    : Renew threshold is: 1
2021-12-27 09:20:32.446  INFO 1 --- [Thread-13] c.n.e.r.PeerAwareInstanceRegistryImpl    : Changing status to UP
2021-12-27 09:20:32.507  INFO 1 --- [main] o.s.b.w.embedded.tomcat.TomcatWebServer  : Tomcat started on port(s): 8080 (http) with context path ''
2021-12-27 09:20:32.518  INFO 1 --- [main] .s.c.n.e.s.EurekaAutoServiceRegistration : Updating port to 8080
2021-12-27 09:20:32.603  INFO 1 --- [Thread-13] e.s.EurekaServerInitializerConfiguration : Started Eureka Server
2021-12-27 09:20:32.714  INFO 1 --- [main] c.c.f.a.c.ConfigServiceApplication       : Started ConfigServiceApplication in 123.707 seconds (JVM running for 140.253)
2021-12-27 09:20:32.778  INFO 1 --- [main] com.netflix.discovery.DiscoveryClient    : Shutting down DiscoveryClient ...
2021-12-27 09:20:32.789  INFO 1 --- [main] com.netflix.discovery.DiscoveryClient    : Completed shut down of DiscoveryClient
2021-12-27 09:20:32.823  INFO 1 --- [main] com.netflix.discovery.DiscoveryClient    : Initializing Eureka in region us-east-1
2021-12-27 09:20:33.217  INFO 1 --- [main] c.n.d.provider.DiscoveryJerseyProvider   : Using JSON encoding codec LegacyJacksonJson
2021-12-27 09:20:33.218  INFO 1 --- [main] c.n.d.provider.DiscoveryJerseyProvider   : Using JSON decoding codec LegacyJacksonJson
2021-12-27 09:20:33.219  INFO 1 --- [main] c.n.d.provider.DiscoveryJerseyProvider   : Using XML encoding codec XStreamXml
2021-12-27 09:20:33.219  INFO 1 --- [main] c.n.d.provider.DiscoveryJerseyProvider   : Using XML decoding codec XStreamXml
2021-12-27 09:20:33.963  INFO 1 --- [main] c.n.d.s.r.aws.ConfigClusterResolver      : Resolving eureka endpoints via configuration
2021-12-27 09:20:34.030  INFO 1 --- [main] com.netflix.discovery.DiscoveryClient    : Disable delta property : false
2021-12-27 09:20:34.045  INFO 1 --- [main] com.netflix.discovery.DiscoveryClient    : Single vip registry refresh property : null
2021-12-27 09:20:34.046  INFO 1 --- [main] com.netflix.discovery.DiscoveryClient    : Force full registry fetch : false
2021-12-27 09:20:34.048  INFO 1 --- [main] com.netflix.discovery.DiscoveryClient    : Application is null : false
2021-12-27 09:20:34.049  INFO 1 --- [main] com.netflix.discovery.DiscoveryClient    : Registered Applications size is zero : true
2021-12-27 09:20:34.050  INFO 1 --- [main] com.netflix.discovery.DiscoveryClient    : Application version is -1: true
2021-12-27 09:20:34.051  INFO 1 --- [main] com.netflix.discovery.DiscoveryClient    : Getting all instance registry info from the eureka server
2021-12-27 09:20:35.237  INFO 1 --- [http-nio-8080-exec-2] o.a.c.c.C.[Tomcat].[localhost].[/]       : Initializing Spring DispatcherServlet 'dispatcherServlet'
2021-12-27 09:20:35.239  INFO 1 --- [http-nio-8080-exec-2] o.s.web.servlet.DispatcherServlet        : Initializing Servlet 'dispatcherServlet'
2021-12-27 09:20:35.252  INFO 1 --- [http-nio-8080-exec-2] o.s.web.servlet.DispatcherServlet        : Completed initialization in 12 ms
2021-12-27 09:20:36.098  INFO 1 --- [main] com.netflix.discovery.DiscoveryClient    : The response status is 200
2021-12-27 09:20:36.129  INFO 1 --- [main] com.netflix.discovery.DiscoveryClient    : Starting heartbeat executor: renew interval is: 30
2021-12-27 09:20:36.148  INFO 1 --- [main] c.n.discovery.InstanceInfoReplicator     : InstanceInfoReplicator onDemand update allowed rate per min is 4
2021-12-27 09:20:36.172  INFO 1 --- [main] com.netflix.discovery.DiscoveryClient    : Discovery Client initialized at timestamp 1640568036172 with initial instances count: 0
2021-12-27 09:20:36.197  INFO 1 --- [main] o.s.c.n.e.s.EurekaServiceRegistry        : Unregistering application APOLLO-CONFIGSERVICE with eureka with status DOWN
2021-12-27 09:20:36.199  INFO 1 --- [main] o.s.c.n.e.s.EurekaServiceRegistry        : Registering application APOLLO-CONFIGSERVICE with eureka with status UP
2021-12-27 09:20:36.203  INFO 1 --- [main] com.netflix.discovery.DiscoveryClient    : Saw local status change event StatusChangeEvent [timestamp=1640568036203, current=UP, previous=DOWN]
2021-12-27 09:20:36.334  INFO 1 --- [DiscoveryClient-InstanceInfoReplicator-0] com.netflix.discovery.DiscoveryClient    : DiscoveryClient_APOLLO-CONFIGSERVICE/f0a3a1fcd528:apollo-configservice:8080: registering service...
2021-12-27 09:20:36.957  INFO 1 --- [http-nio-8080-exec-1] c.n.e.registry.AbstractInstanceRegistry  : Registered instance APOLLO-CONFIGSERVICE/f0a3a1fcd528:apollo-configservice:8080 with status UP (replication=false)
2021-12-27 09:20:36.987  INFO 1 --- [DiscoveryClient-InstanceInfoReplicator-0] com.netflix.discovery.DiscoveryClient    : DiscoveryClient_APOLLO-CONFIGSERVICE/f0a3a1fcd528:apollo-configservice:8080 - registration status: 204
2021-12-27 09:21:00.047  WARN 1 --- [http-nio-8080-exec-9] c.n.e.registry.AbstractInstanceRegistry  : DS: Registry: lease doesn't exist, registering resource: APOLLO-ADMINSERVICE - 89dd282d29ba:apollo-adminservice:8090
2021-12-27 09:21:00.052  WARN 1 --- [http-nio-8080-exec-9] c.n.eureka.resources.InstanceResource    : Not Found (Renew): APOLLO-ADMINSERVICE - 89dd282d29ba:apollo-adminservice:8090
2021-12-27 09:21:00.099  INFO 1 --- [http-nio-8080-exec-10] c.n.e.registry.AbstractInstanceRegistry  : Registered instance APOLLO-ADMINSERVICE/89dd282d29ba:apollo-adminservice:8090 with status UP (replication=false)
2021-12-27 09:21:06.090  INFO 1 --- [DiscoveryClient-CacheRefreshExecutor-0] com.netflix.discovery.DiscoveryClient    : Disable delta property : false
2021-12-27 09:21:06.092  INFO 1 --- [DiscoveryClient-CacheRefreshExecutor-0] com.netflix.discovery.DiscoveryClient    : Single vip registry refresh property : null
2021-12-27 09:21:06.092  INFO 1 --- [DiscoveryClient-CacheRefreshExecutor-0] com.netflix.discovery.DiscoveryClient    : Force full registry fetch : false
2021-12-27 09:21:06.093  INFO 1 --- [DiscoveryClient-CacheRefreshExecutor-0] com.netflix.discovery.DiscoveryClient    : Application is null : false
2021-12-27 09:21:06.094  INFO 1 --- [DiscoveryClient-CacheRefreshExecutor-0] com.netflix.discovery.DiscoveryClient    : Registered Applications size is zero : true
2021-12-27 09:21:06.095  INFO 1 --- [DiscoveryClient-CacheRefreshExecutor-0] com.netflix.discovery.DiscoveryClient    : Application version is -1: false
2021-12-27 09:21:06.096  INFO 1 --- [DiscoveryClient-CacheRefreshExecutor-0] com.netflix.discovery.DiscoveryClient    : Getting all instance registry info from the eureka server
2021-12-27 09:21:06.107  INFO 1 --- [DiscoveryClient-CacheRefreshExecutor-0] com.netflix.discovery.DiscoveryClient    : The response status is 200
2021-12-27 09:21:30.982  WARN 1 --- [Eureka-PeerNodesUpdater] c.n.eureka.cluster.PeerEurekaNodes       : The replica size seems to be empty. Check the route 53 DNS Registry
2021-12-27 09:21:32.509  INFO 1 --- [Eureka-EvictionTimer] c.n.e.registry.AbstractInstanceRegistry  : Running the evict task with compensationTime 0ms
2021-12-27 09:21:34.007  INFO 1 --- [AsyncResolver-bootstrap-executor-0] c.n.d.s.r.aws.ConfigClusterResolver      : Resolving eureka endpoints via configuration
2021-12-27 09:22:30.940  WARN 1 --- [Eureka-PeerNodesUpdater] c.n.eureka.cluster.PeerEurekaNodes       : The replica size seems to be empty. Check the route 53 DNS Registry
2021-12-27 09:22:32.508  INFO 1 --- [Eureka-EvictionTimer] c.n.e.registry.AbstractInstanceRegistry  : Running the evict task with compensationTime 46ms
2021-12-27 09:22:33.969  INFO 1 --- [AsyncResolver-bootstrap-executor-0] c.n.d.s.r.aws.ConfigClusterResolver      : Resolving eureka endpoints via configuration
2021-12-27 09:23:30.901  WARN 1 --- [Eureka-PeerNodesUpdater] c.n.eureka.cluster.PeerEurekaNodes       : The replica size seems to be empty. Check the route 53 DNS Registry
2021-12-27 09:23:32.509  INFO 1 --- [Eureka-EvictionTimer] c.n.e.registry.AbstractInstanceRegistry  : Running the evict task with compensationTime 46ms
2021-12-27 09:23:33.928  INFO 1 --- [AsyncResolver-bootstrap-executor-0] c.n.d.s.r.aws.ConfigClusterResolver      : Resolving eureka endpoints via configuration
2021-12-27 09:24:30.858  WARN 1 --- [Eureka-PeerNodesUpdater] c.n.eureka.cluster.PeerEurekaNodes       : The replica size seems to be empty. Check the route 53 DNS Registry
2021-12-27 09:24:32.509  INFO 1 --- [Eureka-EvictionTimer] c.n.e.registry.AbstractInstanceRegistry  : Running the evict task with compensationTime 46ms
2021-12-27 09:24:33.886  INFO 1 --- [AsyncResolver-bootstrap-executor-0] c.n.d.s.r.aws.ConfigClusterResolver      : Resolving eureka endpoints via configuration
2021-12-27 09:25:30.815  WARN 1 --- [Eureka-PeerNodesUpdater] c.n.eureka.cluster.PeerEurekaNodes       : The replica size seems to be empty. Check the route 53 DNS Registry
2021-12-27 09:25:32.510  INFO 1 --- [Eureka-EvictionTimer] c.n.e.registry.AbstractInstanceRegistry  : Running the evict task with compensationTime 47ms
2021-12-27 09:25:33.843  INFO 1 --- [AsyncResolver-bootstrap-executor-0] c.n.d.s.r.aws.ConfigClusterResolver      : Resolving eureka endpoints via configuration
2021-12-27 09:26:30.772  WARN 1 --- [Eureka-PeerNodesUpdater] c.n.eureka.cluster.PeerEurekaNodes       : The replica size seems to be empty. Check the route 53 DNS Registry
2021-12-27 09:26:32.519  INFO 1 --- [Eureka-EvictionTimer] c.n.e.registry.AbstractInstanceRegistry  : Running the evict task with compensationTime 54ms
2021-12-27 09:26:33.800  INFO 1 --- [AsyncResolver-bootstrap-executor-0] c.n.d.s.r.aws.ConfigClusterResolver      : Resolving eureka endpoints via configuration
2021-12-27 09:27:30.729  WARN 1 --- [Eureka-PeerNodesUpdater] c.n.eureka.cluster.PeerEurekaNodes       : The replica size seems to be empty. Check the route 53 DNS Registry
2021-12-27 09:27:32.520  INFO 1 --- [Eureka-EvictionTimer] c.n.e.registry.AbstractInstanceRegistry  : Running the evict task with compensationTime 47ms
2021-12-27 09:27:33.756  INFO 1 --- [AsyncResolver-bootstrap-executor-0] c.n.d.s.r.aws.ConfigClusterResolver      : Resolving eureka endpoints via configuration
2021-12-27 09:28:30.685  WARN 1 --- [Eureka-PeerNodesUpdater] c.n.eureka.cluster.PeerEurekaNodes       : The replica size seems to be empty. Check the route 53 DNS Registry
2021-12-27 09:28:32.522  INFO 1 --- [Eureka-EvictionTimer] c.n.e.registry.AbstractInstanceRegistry  : Running the evict task with compensationTime 47ms
2021-12-27 09:28:33.715  INFO 1 --- [AsyncResolver-bootstrap-executor-0] c.n.d.s.r.aws.ConfigClusterResolver      : Resolving eureka endpoints via configuration
2021-12-27 09:29:30.644  WARN 1 --- [Eureka-PeerNodesUpdater] c.n.eureka.cluster.PeerEurekaNodes       : The replica size seems to be empty. Check the route 53 DNS Registry
2021-12-27 09:29:32.522  INFO 1 --- [Eureka-EvictionTimer] c.n.e.registry.AbstractInstanceRegistry  : Running the evict task with compensationTime 47ms
2021-12-27 09:29:33.672  INFO 1 --- [AsyncResolver-bootstrap-executor-0] c.n.d.s.r.aws.ConfigClusterResolver      : Resolving eureka endpoints via configuration
2021-12-27 09:30:30.603  WARN 1 --- [Eureka-PeerNodesUpdater] c.n.eureka.cluster.PeerEurekaNodes       : The replica size seems to be empty. Check the route 53 DNS Registry
2021-12-27 09:30:32.524  INFO 1 --- [Eureka-EvictionTimer] c.n.e.registry.AbstractInstanceRegistry  : Running the evict task with compensationTime 47ms
2021-12-27 09:30:33.630  INFO 1 --- [AsyncResolver-bootstrap-executor-0] c.n.d.s.r.aws.ConfigClusterResolver      : Resolving eureka endpoints via configuration
2021-12-27 09:31:30.562  WARN 1 --- [Eureka-PeerNodesUpdater] c.n.eureka.cluster.PeerEurekaNodes       : The replica size seems to be empty. Check the route 53 DNS Registry
2021-12-27 09:31:32.525  INFO 1 --- [Eureka-EvictionTimer] c.n.e.registry.AbstractInstanceRegistry  : Running the evict task with compensationTime 47ms
2021-12-27 09:31:33.587  INFO 1 --- [AsyncResolver-bootstrap-executor-0] c.n.d.s.r.aws.ConfigClusterResolver      : Resolving eureka endpoints via configuration
2021-12-27 09:32:30.521  WARN 1 --- [Eureka-PeerNodesUpdater] c.n.eureka.cluster.PeerEurekaNodes       : The replica size seems to be empty. Check the route 53 DNS Registry
2021-12-27 09:32:32.524  INFO 1 --- [Eureka-EvictionTimer] c.n.e.registry.AbstractInstanceRegistry  : Running the evict task with compensationTime 46ms
2021-12-27 09:32:33.544  INFO 1 --- [AsyncResolver-bootstrap-executor-0] c.n.d.s.r.aws.ConfigClusterResolver      : Resolving eureka endpoints via configuration
2021-12-27 09:33:30.553  WARN 1 --- [Eureka-PeerNodesUpdater] c.n.eureka.cluster.PeerEurekaNodes       : The replica size seems to be empty. Check the route 53 DNS Registry
2021-12-27 09:33:32.545  INFO 1 --- [Eureka-EvictionTimer] c.n.e.registry.AbstractInstanceRegistry  : Running the evict task with compensationTime 0ms
2021-12-27 09:33:33.567  INFO 1 --- [AsyncResolver-bootstrap-executor-0] c.n.d.s.r.aws.ConfigClusterResolver      : Resolving eureka endpoints via configuration
2021-12-27 09:34:30.518  WARN 1 --- [Eureka-PeerNodesUpdater] c.n.eureka.cluster.PeerEurekaNodes       : The replica size seems to be empty. Check the route 53 DNS Registry
2021-12-27 09:34:32.546  INFO 1 --- [Eureka-EvictionTimer] c.n.e.registry.AbstractInstanceRegistry  : Running the evict task with compensationTime 55ms
2021-12-27 09:34:33.524  INFO 1 --- [AsyncResolver-bootstrap-executor-0] c.n.d.s.r.aws.ConfigClusterResolver      : Resolving eureka endpoints via configuration
2021-12-27 09:35:30.488  WARN 1 --- [Eureka-PeerNodesUpdater] c.n.eureka.cluster.PeerEurekaNodes       : The replica size seems to be empty. Check the route 53 DNS Registry
2021-12-27 09:35:31.510  INFO 1 --- [ReplicaAwareInstanceRegistry - RenewalThresholdUpdater] c.n.e.r.PeerAwareInstanceRegistryImpl    : Current renewal threshold is : 3
2021-12-27 09:35:32.546  INFO 1 --- [Eureka-EvictionTimer] c.n.e.registry.AbstractInstanceRegistry  : Running the evict task with compensationTime 37ms
2021-12-27 09:35:33.495  INFO 1 --- [AsyncResolver-bootstrap-executor-0] c.n.d.s.r.aws.ConfigClusterResolver      : Resolving eureka endpoints via configuration
2021-12-27 09:36:30.450  WARN 1 --- [Eureka-PeerNodesUpdater] c.n.eureka.cluster.PeerEurekaNodes       : The replica size seems to be empty. Check the route 53 DNS Registry
2021-12-27 09:36:32.547  INFO 1 --- [Eureka-EvictionTimer] c.n.e.registry.AbstractInstanceRegistry  : Running the evict task with compensationTime 47ms
2021-12-27 09:36:33.458  INFO 1 --- [AsyncResolver-bootstrap-executor-0] c.n.d.s.r.aws.ConfigClusterResolver      : Resolving eureka endpoints via configuration
2021-12-27 09:37:30.407  WARN 1 --- [Eureka-PeerNodesUpdater] c.n.eureka.cluster.PeerEurekaNodes       : The replica size seems to be empty. Check the route 53 DNS Registry
2021-12-27 09:37:32.548  INFO 1 --- [Eureka-EvictionTimer] c.n.e.registry.AbstractInstanceRegistry  : Running the evict task with compensationTime 47ms
2021-12-27 09:37:33.416  INFO 1 --- [AsyncResolver-bootstrap-executor-0] c.n.d.s.r.aws.ConfigClusterResolver      : Resolving eureka endpoints via configuration
2021-12-27 09:38:30.364  WARN 1 --- [Eureka-PeerNodesUpdater] c.n.eureka.cluster.PeerEurekaNodes       : The replica size seems to be empty. Check the route 53 DNS Registry
2021-12-27 09:38:32.550  INFO 1 --- [Eureka-EvictionTimer] c.n.e.registry.AbstractInstanceRegistry  : Running the evict task with compensationTime 48ms
2021-12-27 09:38:33.373  INFO 1 --- [AsyncResolver-bootstrap-executor-0] c.n.d.s.r.aws.ConfigClusterResolver      : Resolving eureka endpoints via configuration
2021-12-27 09:39:30.320  WARN 1 --- [Eureka-PeerNodesUpdater] c.n.eureka.cluster.PeerEurekaNodes       : The replica size seems to be empty. Check the route 53 DNS Registry
2021-12-27 09:39:32.551  INFO 1 --- [Eureka-EvictionTimer] c.n.e.registry.AbstractInstanceRegistry  : Running the evict task with compensationTime 47ms
2021-12-27 09:39:33.349  INFO 1 --- [AsyncResolver-bootstrap-executor-0] c.n.d.s.r.aws.ConfigClusterResolver      : Resolving eureka endpoints via configuration
2021-12-27 09:40:30.277  WARN 1 --- [Eureka-PeerNodesUpdater] c.n.eureka.cluster.PeerEurekaNodes       : The replica size seems to be empty. Check the route 53 DNS Registry
2021-12-27 09:40:32.551  INFO 1 --- [Eureka-EvictionTimer] c.n.e.registry.AbstractInstanceRegistry  : Running the evict task with compensationTime 46ms
2021-12-27 09:40:33.305  INFO 1 --- [AsyncResolver-bootstrap-executor-0] c.n.d.s.r.aws.ConfigClusterResolver      : Resolving eureka endpoints via configuration
2021-12-27 09:41:30.296  WARN 1 --- [Eureka-PeerNodesUpdater] c.n.eureka.cluster.PeerEurekaNodes       : The replica size seems to be empty. Check the route 53 DNS Registry
2021-12-27 09:41:32.566  INFO 1 --- [Eureka-EvictionTimer] c.n.e.registry.AbstractInstanceRegistry  : Running the evict task with compensationTime 0ms
2021-12-27 09:41:33.324  INFO 1 --- [AsyncResolver-bootstrap-executor-0] c.n.d.s.r.aws.ConfigClusterResolver      : Resolving eureka endpoints via configuration
2021-12-27 09:42:30.254  WARN 1 --- [Eureka-PeerNodesUpdater] c.n.eureka.cluster.PeerEurekaNodes       : The replica size seems to be empty. Check the route 53 DNS Registry
2021-12-27 09:42:32.567  INFO 1 --- [Eureka-EvictionTimer] c.n.e.registry.AbstractInstanceRegistry  : Running the evict task with compensationTime 46ms
2021-12-27 09:42:33.282  INFO 1 --- [AsyncResolver-bootstrap-executor-0] c.n.d.s.r.aws.ConfigClusterResolver      : Resolving eureka endpoints via configuration
2021-12-27 09:43:30.213  WARN 1 --- [Eureka-PeerNodesUpdater] c.n.eureka.cluster.PeerEurekaNodes       : The replica size seems to be empty. Check the route 53 DNS Registry
2021-12-27 09:43:32.567  INFO 1 --- [Eureka-EvictionTimer] c.n.e.registry.AbstractInstanceRegistry  : Running the evict task with compensationTime 45ms
2021-12-27 09:43:33.240  INFO 1 --- [AsyncResolver-bootstrap-executor-0] c.n.d.s.r.aws.ConfigClusterResolver      : Resolving eureka endpoints via configuration
2021-12-27 09:44:30.189  WARN 1 --- [Eureka-PeerNodesUpdater] c.n.eureka.cluster.PeerEurekaNodes       : The replica size seems to be empty. Check the route 53 DNS Registry
2021-12-27 09:44:32.567  INFO 1 --- [Eureka-EvictionTimer] c.n.e.registry.AbstractInstanceRegistry  : Running the evict task with compensationTime 33ms
2021-12-27 09:44:33.208  INFO 1 --- [AsyncResolver-bootstrap-executor-0] c.n.d.s.r.aws.ConfigClusterResolver      : Resolving eureka endpoints via configuration
2021-12-27 09:45:30.148  WARN 1 --- [Eureka-PeerNodesUpdater] c.n.eureka.cluster.PeerEurekaNodes       : The replica size seems to be empty. Check the route 53 DNS Registry
2021-12-27 09:45:32.568  INFO 1 --- [Eureka-EvictionTimer] c.n.e.registry.AbstractInstanceRegistry  : Running the evict task with compensationTime 46ms
2021-12-27 09:45:33.165  INFO 1 --- [AsyncResolver-bootstrap-executor-0] c.n.d.s.r.aws.ConfigClusterResolver      : Resolving eureka endpoints via configuration
2021-12-27 09:46:30.108  WARN 1 --- [Eureka-PeerNodesUpdater] c.n.eureka.cluster.PeerEurekaNodes       : The replica size seems to be empty. Check the route 53 DNS Registry
2021-12-27 09:46:32.569  INFO 1 --- [Eureka-EvictionTimer] c.n.e.registry.AbstractInstanceRegistry  : Running the evict task with compensationTime 45ms
2021-12-27 09:46:33.123  INFO 1 --- [AsyncResolver-bootstrap-executor-0] c.n.d.s.r.aws.ConfigClusterResolver      : Resolving eureka endpoints via configuration
